<?xml version="1.0" encoding="UTF-8"?>
<!-- Generated by org.testng.reporters.JUnitXMLReporter -->
<testsuite ignored="0" hostname="DESKTOP-9TOLTE6" failures="1" tests="14" name="Zoho" time="225.701" errors="0" timestamp="2024-02-29T19:12:19 IST">
  <testcase classname="testcase.CreateAccountTC" name="TC_CreateAccount_01" time="4.488"/>
  <testcase classname="testcase.CreateAccountTC" name="TC_CreateAccount_02" time="8.198"/>
  <testcase classname="testcase.CreateAccountTC" name="TC_CreateAccount_03" time="9.304"/>
  <testcase classname="testcase.CreateAccountTC" name="TC_CreateAccount_04" time="8.07"/>
  <testcase classname="testcase.CreateAccountTC" name="TC_CreateAccount_05" time="4.829"/>
  <testcase classname="testcase.CreateAccountTC" name="TC_CreateAccount_06" time="4.763"/>
  <testcase classname="testcase.CreateAccountTC" name="TC_CreateAccount_06" time="4.865"/>
  <testcase classname="testcase.CreateAccountTC" name="TC_CreateAccount_06" time="4.246"/>
  <testcase classname="testcase.CreateAccountTC" name="TC_CreateAccount_06" time="2.338">
    <failure type="java.lang.AssertionError" message="expected [Password Strength: No Password] but found [Password Strength: Weak]">
      <![CDATA[java.lang.AssertionError: expected [Password Strength: No Password] but found [Password Strength: Weak]
at testcase.CreateAccountTC.TC_CreateAccount_06(CreateAccountTC.java:133)
at java.base/java.util.ArrayList.forEach(ArrayList.java:1511)
... Removed 33 stack frames]]>
    </failure>
  </testcase> <!-- TC_CreateAccount_06 -->
  <testcase classname="testcase.CreateAccountTC" name="TC_CreateAccount_06" time="4.589"/>
  <testcase classname="testcase.CreateAccountTC" name="TC_CreateAccount_06" time="2.528"/>
  <testcase classname="testcase.CreateAccountTC" name="TC_CreateAccount_06" time="4.36"/>
  <testcase classname="testcase.CreateAccountTC" name="TC_CreateAccount_06" time="2.313"/>
  <testcase classname="testcase.CreateAccountTC" name="TC_CreateAccount_06" time="4.404"/>
</testsuite> <!-- Zoho -->
